1.20000e+01 0.00000e+00 2.76860e+00
2.10000e+01 4.52598e+00 0.00000e+00
2.20000e+01 4.52598e+00 3.22421e+00
2.30000e+01 4.52598e+00 5.12127e+00
3.20000e+01 9.05195e+00 2.76860e+00
2.21000e+02 4.75775e+00 3.22421e+00
2.26000e+02 4.52598e+00 3.22421e+00
2.20100e+03 4.75775e+00 3.22421e+00
2.20200e+03 4.75775e+00 2.76860e+00
2.20300e+03 4.75775e+00 2.31299e+00
2.20400e+03 4.75775e+00 2.31299e+00
2.20500e+03 4.52598e+00 2.31299e+00
2.20600e+03 4.29420e+00 2.31299e+00
2.20700e+03 4.29420e+00 2.31299e+00
2.20800e+03 4.29420e+00 2.76860e+00
2.20900e+03 4.29420e+00 3.22421e+00
2.21000e+03 4.29420e+00 3.22421e+00
2.20220e+04 4.75775e+00 2.76860e+00
2.20570e+04 4.52598e+00 2.31299e+00
2.20830e+04 4.29420e+00 2.76860e+00
